<?xml version="1.0" encoding="UTF-8"?>
<!-- Generated by org.testng.reporters.JUnitReportReporter -->
<testsuite hostname="ACHIT179" failures="0" tests="1" name="TestRunner.runner" time="77.372" errors="0" timestamp="2023-12-18T14:17:16 IST" skipped="0">
  <testcase classname="TestRunner.runner" name="runScenario" time="77.372"/>
</testsuite> <!-- TestRunner.runner -->
